  Main.cpp
C:\Users\Vaelot\Desktop\vaelot\Simple-Platformer\Simple Platformer\Simple Platformer\Main.cpp(69,80): warning C4244: '인수': 'double'에서 'int'(으)로 변환하면서 데이터가 손실될 수 있습니다.
C:\Users\Vaelot\Desktop\vaelot\Simple-Platformer\Simple Platformer\Simple Platformer\Main.cpp(69,51): warning C4244: '인수': 'double'에서 'int'(으)로 변환하면서 데이터가 손실될 수 있습니다.
C:\Users\Vaelot\Desktop\vaelot\Simple-Platformer\Simple Platformer\Simple Platformer\Main.cpp(70,77): warning C4244: '인수': 'double'에서 'int'(으)로 변환하면서 데이터가 손실될 수 있습니다.
C:\Users\Vaelot\Desktop\vaelot\Simple-Platformer\Simple Platformer\Simple Platformer\Main.cpp(70,59): warning C4244: '인수': 'double'에서 'int'(으)로 변환하면서 데이터가 손실될 수 있습니다.
C:\Users\Vaelot\Desktop\vaelot\Simple-Platformer\Simple Platformer\Simple Platformer\Main.cpp(71,88): warning C4244: '인수': 'double'에서 'int'(으)로 변환하면서 데이터가 손실될 수 있습니다.
C:\Users\Vaelot\Desktop\vaelot\Simple-Platformer\Simple Platformer\Simple Platformer\Main.cpp(71,48): warning C4244: '인수': 'double'에서 'int'(으)로 변환하면서 데이터가 손실될 수 있습니다.
C:\Users\Vaelot\Desktop\vaelot\Simple-Platformer\Simple Platformer\Simple Platformer\Main.cpp(72,88): warning C4244: '인수': 'double'에서 'int'(으)로 변환하면서 데이터가 손실될 수 있습니다.
C:\Users\Vaelot\Desktop\vaelot\Simple-Platformer\Simple Platformer\Simple Platformer\Main.cpp(72,59): warning C4244: '인수': 'double'에서 'int'(으)로 변환하면서 데이터가 손실될 수 있습니다.
C:\Users\Vaelot\Desktop\vaelot\Simple-Platformer\Simple Platformer\Simple Platformer\Main.cpp(73,88): warning C4244: '인수': 'double'에서 'int'(으)로 변환하면서 데이터가 손실될 수 있습니다.
C:\Users\Vaelot\Desktop\vaelot\Simple-Platformer\Simple Platformer\Simple Platformer\Main.cpp(73,48): warning C4244: '인수': 'double'에서 'int'(으)로 변환하면서 데이터가 손실될 수 있습니다.
C:\Users\Vaelot\Desktop\vaelot\Simple-Platformer\Simple Platformer\Simple Platformer\Main.cpp(74,88): warning C4244: '인수': 'double'에서 'int'(으)로 변환하면서 데이터가 손실될 수 있습니다.
C:\Users\Vaelot\Desktop\vaelot\Simple-Platformer\Simple Platformer\Simple Platformer\Main.cpp(74,59): warning C4244: '인수': 'double'에서 'int'(으)로 변환하면서 데이터가 손실될 수 있습니다.
C:\Users\Vaelot\Desktop\vaelot\Simple-Platformer\Simple Platformer\Simple Platformer\Main.cpp(168,25): warning C4838: 'double'에서 'int'(으)로의 변환에는 축소 변환이 필요합니다.
C:\Users\Vaelot\Desktop\vaelot\Simple-Platformer\Simple Platformer\Simple Platformer\Main.cpp(168,25): warning C4244: '초기화 중': 'double'에서 'int'(으)로 변환하면서 데이터가 손실될 수 있습니다.
C:\Users\Vaelot\Desktop\vaelot\Simple-Platformer\Simple Platformer\Simple Platformer\Main.cpp(168,37): warning C4838: 'double'에서 'int'(으)로의 변환에는 축소 변환이 필요합니다.
C:\Users\Vaelot\Desktop\vaelot\Simple-Platformer\Simple Platformer\Simple Platformer\Main.cpp(168,37): warning C4244: '초기화 중': 'double'에서 'int'(으)로 변환하면서 데이터가 손실될 수 있습니다.
  코드를 생성하고 있습니다.
C:\Users\Vaelot\Desktop\vaelot\Simple-Platformer\Simple Platformer\Simple Platformer\Main.cpp(189): warning C4715: 'SDL_main': 모든 제어 경로에서 값을 반환하지는 않습니다.
  2 of 229 functions ( 0.9%) were compiled, the rest were copied from previous compilation.
    0 functions were new in current compilation
    0 functions had inline decision re-evaluated but remain unchanged
  코드를 생성했습니다.
  Simple Platformer.vcxproj -> C:\Users\Vaelot\Desktop\vaelot\Simple-Platformer\Simple Platformer\x64\Release\Simple Platformer.exe
